#
# There is insufficient memory for the Java Runtime Environment to continue.
# Native memory allocation (malloc) failed to allocate 32784 bytes for Chunk::new
# Possible reasons:
#   The system is out of physical RAM or swap space
#   The process is running with CompressedOops enabled, and the Java Heap may be blocking the growth of the native heap
# Possible solutions:
#   Reduce memory load on the system
#   Increase physical memory or swap space
#   Check if swap backing store is full
#   Decrease Java heap size (-Xmx/-Xms)
#   Decrease number of Java threads
#   Decrease Java thread stack sizes (-Xss)
#   Set larger code cache with -XX:ReservedCodeCacheSize=
#   JVM is running with Unscaled Compressed Oops mode in which the Java heap is
#     placed in the first 4GB address space. The Java Heap base address is the
#     maximum limit for the native heap growth. Please use -XX:HeapBaseMinAddress
#     to set the Java Heap base and to place the Java Heap above 4GB virtual address.
# This output file may be truncated or incomplete.
#
#  Out of Memory Error (allocation.cpp:389), pid=27392, tid=0x00000000000051b4
#
# JRE version: Java(TM) SE Runtime Environment (8.0_341-b10) (build 1.8.0_341-b10)
# Java VM: Java HotSpot(TM) 64-Bit Server VM (25.341-b10 mixed mode windows-amd64 compressed oops)
# Failed to write core dump. Minidumps are not enabled by default on client versions of Windows
#

---------------  T H R E A D  ---------------

Current thread (0x000001deb08c1000):  
[error occurred during error reporting (printing current thread), id 0xc0000005]

Stack: [0x0000003bc5900000,0x0000003bc5a00000]
Native frames: (J=compiled Java code, j=interpreted, Vv=VM code, C=native code)
V  [jvm.dll+0x32fa99]


Current CompileTask:
C2:  19239 5622       4       org.springframework.aop.aspectj.AspectJExpressionPointcut::matches (74 bytes)


---------------  P R O C E S S  ---------------

Java Threads: ( => current thread )
  0x000001deb87fa800 
[error occurred during error reporting (printing all threads), id 0xc0000005]

VM state:at safepoint (normal execution)

VM Mutex/Monitor currently owned by a thread:  ([mutex/lock_event])
[0x000001de97b7caf0] Threads_lock - owner thread: 0x000001deaddf3000
[0x000001de97b7cff0] Heap_lock - owner thread: 0x000001deb0d31000

heap address: 0x0000000083600000, size: 1994 MB, Compressed Oops mode: 32-bit
Narrow klass base: 0x0000000000000000, Narrow klass shift: 3
Compressed class space size: 1073741824 Address: 0x0000000100000000

Heap:
 PSYoungGen      total 420352K, used 2570K [0x00000000d6780000, 0x00000000f2000000, 0x0000000100000000)
  eden space 400896K, 0% used [0x00000000d6780000,0x00000000d6780000,0x00000000eef00000)
  from space 19456K, 13% used [0x00000000f0200000,0x00000000f0482a30,0x00000000f1500000)
  to   space 19456K, 0% used [0x00000000eef00000,0x00000000eef00000,0x00000000f0200000)
 ParOldGen       total 71168K, used 38000K [0x0000000083600000, 0x0000000087b80000, 0x00000000d6780000)
  object space 71168K, 53% used [0x0000000083600000,0x0000000085b1c398,0x0000000087b80000)
 Metaspace       used 56489K, capacity 59052K, committed 59136K, reserved 1101824K
  class space    used 7176K, capacity 7664K, committed 7680K, reserved 1048576K

Card table byte_map: [0x000001dea8890000,0x000001dea8c80000] byte_map_base: 0x000001dea8475000

Marking Bits: (ParMarkBitMap*) 0x000000006f7e9030
 Begin Bits: [0x000001dea8f20000, 0x000001deaae48000)
 End Bits:   [0x000001deaae48000, 0x000001deacd70000)

Polling page: 0x000001de97cf0000

CodeCache: size=245760Kb used=17604Kb max_used=18409Kb free=228156Kb
 bounds [0x000001de994d0000, 0x000001de9a730000, 0x000001dea84d0000]
 total_blobs=5342 nmethods=4833 adapters=421
 compilation: enabled

Compilation events (10 events):
Event: 18.677 Thread 0x000001deb0917000 5631       3       org.springframework.orm.jpa.persistenceunit.DefaultPersistenceUnitManager::matchesFilter (48 bytes)
Event: 18.677 Thread 0x000001deb0917000 nmethod 5631 0x000001de99dcf090 code [0x000001de99dcf260, 0x000001de99dcfa70]
Event: 18.757 Thread 0x000001deb0917000 5632       1       java.util.Calendar::getFirstDayOfWeek (5 bytes)
Event: 18.757 Thread 0x000001deb0917000 nmethod 5632 0x000001de99ccc4d0 code [0x000001de99ccc620, 0x000001de99ccc738]
Event: 18.757 Thread 0x000001deb0917000 5634       3       java.util.Calendar::complete (40 bytes)
Event: 18.757 Thread 0x000001deb0917000 nmethod 5634 0x000001de9a242590 code [0x000001de9a242720, 0x000001de9a242b20]
Event: 18.757 Thread 0x000001deb0917000 5633       1       java.util.Calendar::getMinimalDaysInFirstWeek (5 bytes)
Event: 18.758 Thread 0x000001deb0917000 nmethod 5633 0x000001de99dced50 code [0x000001de99dceea0, 0x000001de99dcefb8]
Event: 19.038 Thread 0x000001deb08d3800 nmethod 5584 0x000001de9a2335d0 code [0x000001de9a233a60, 0x000001de9a237620]
Event: 19.038 Thread 0x000001deb08d3800 5628       4       sun.nio.cs.UTF_8$Decoder::decode (779 bytes)

GC Heap History (10 events):
Event: 9.781 GC heap after
Heap after GC invocations=12 (full 1):
 PSYoungGen      total 209408K, used 7614K [0x00000000d6780000, 0x00000000e9c00000, 0x0000000100000000)
  eden space 196096K, 0% used [0x00000000d6780000,0x00000000d6780000,0x00000000e2700000)
  from space 13312K, 57% used [0x00000000e2700000,0x00000000e2e6fa20,0x00000000e3400000)
  to   space 12800K, 0% used [0x00000000e8f80000,0x00000000e8f80000,0x00000000e9c00000)
 ParOldGen       total 47616K, used 19017K [0x0000000083600000, 0x0000000086480000, 0x00000000d6780000)
  object space 47616K, 39% used [0x0000000083600000,0x0000000084892580,0x0000000086480000)
 Metaspace       used 34139K, capacity 35428K, committed 35496K, reserved 1081344K
  class space    used 4344K, capacity 4608K, committed 4608K, reserved 1048576K
}
Event: 9.781 GC heap before
{Heap before GC invocations=13 (full 2):
 PSYoungGen      total 209408K, used 7614K [0x00000000d6780000, 0x00000000e9c00000, 0x0000000100000000)
  eden space 196096K, 0% used [0x00000000d6780000,0x00000000d6780000,0x00000000e2700000)
  from space 13312K, 57% used [0x00000000e2700000,0x00000000e2e6fa20,0x00000000e3400000)
  to   space 12800K, 0% used [0x00000000e8f80000,0x00000000e8f80000,0x00000000e9c00000)
 ParOldGen       total 47616K, used 19017K [0x0000000083600000, 0x0000000086480000, 0x00000000d6780000)
  object space 47616K, 39% used [0x0000000083600000,0x0000000084892580,0x0000000086480000)
 Metaspace       used 34139K, capacity 35428K, committed 35496K, reserved 1081344K
  class space    used 4344K, capacity 4608K, committed 4608K, reserved 1048576K
Event: 9.831 GC heap after
Heap after GC invocations=13 (full 2):
 PSYoungGen      total 209408K, used 0K [0x00000000d6780000, 0x00000000e9c00000, 0x0000000100000000)
  eden space 196096K, 0% used [0x00000000d6780000,0x00000000d6780000,0x00000000e2700000)
  from space 13312K, 0% used [0x00000000e2700000,0x00000000e2700000,0x00000000e3400000)
  to   space 12800K, 0% used [0x00000000e8f80000,0x00000000e8f80000,0x00000000e9c00000)
 ParOldGen       total 71168K, used 19764K [0x0000000083600000, 0x0000000087b80000, 0x00000000d6780000)
  object space 71168K, 27% used [0x0000000083600000,0x000000008494d060,0x0000000087b80000)
 Metaspace       used 34139K, capacity 35428K, committed 35496K, reserved 1081344K
  class space    used 4344K, capacity 4608K, committed 4608K, reserved 1048576K
}
Event: 12.440 GC heap before
{Heap before GC invocations=14 (full 2):
 PSYoungGen      total 209408K, used 196096K [0x00000000d6780000, 0x00000000e9c00000, 0x0000000100000000)
  eden space 196096K, 100% used [0x00000000d6780000,0x00000000e2700000,0x00000000e2700000)
  from space 13312K, 0% used [0x00000000e2700000,0x00000000e2700000,0x00000000e3400000)
  to   space 12800K, 0% used [0x00000000e8f80000,0x00000000e8f80000,0x00000000e9c00000)
 ParOldGen       total 71168K, used 19764K [0x0000000083600000, 0x0000000087b80000, 0x00000000d6780000)
  object space 71168K, 27% used [0x0000000083600000,0x000000008494d060,0x0000000087b80000)
 Metaspace       used 40879K, capacity 42720K, committed 42752K, reserved 1087488K
  class space    used 5253K, capacity 5610K, committed 5632K, reserved 1048576K
Event: 12.466 GC heap after
Heap after GC invocations=14 (full 2):
 PSYoungGen      total 295424K, used 12652K [0x00000000d6780000, 0x00000000e9c00000, 0x0000000100000000)
  eden space 282624K, 0% used [0x00000000d6780000,0x00000000d6780000,0x00000000e7b80000)
  from space 12800K, 98% used [0x00000000e8f80000,0x00000000e9bdb120,0x00000000e9c00000)
  to   space 14336K, 0% used [0x00000000e8000000,0x00000000e8000000,0x00000000e8e00000)
 ParOldGen       total 71168K, used 19772K [0x0000000083600000, 0x0000000087b80000, 0x00000000d6780000)
  object space 71168K, 27% used [0x0000000083600000,0x000000008494f060,0x0000000087b80000)
 Metaspace       used 40879K, capacity 42720K, committed 42752K, reserved 1087488K
  class space    used 5253K, capacity 5610K, committed 5632K, reserved 1048576K
}
Event: 18.442 GC heap before
{Heap before GC invocations=15 (full 2):
 PSYoungGen      total 295424K, used 295276K [0x00000000d6780000, 0x00000000e9c00000, 0x0000000100000000)
  eden space 282624K, 100% used [0x00000000d6780000,0x00000000e7b80000,0x00000000e7b80000)
  from space 12800K, 98% used [0x00000000e8f80000,0x00000000e9bdb120,0x00000000e9c00000)
  to   space 14336K, 0% used [0x00000000e8000000,0x00000000e8000000,0x00000000e8e00000)
 ParOldGen       total 71168K, used 19772K [0x0000000083600000, 0x0000000087b80000, 0x00000000d6780000)
  object space 71168K, 27% used [0x0000000083600000,0x000000008494f060,0x0000000087b80000)
 Metaspace       used 54625K, capacity 57220K, committed 57344K, reserved 1099776K
  class space    used 6919K, capacity 7400K, committed 7424K, reserved 1048576K
Event: 18.491 GC heap after
Heap after GC invocations=15 (full 2):
 PSYoungGen      total 301568K, used 14312K [0x00000000d6780000, 0x00000000f1500000, 0x0000000100000000)
  eden space 287232K, 0% used [0x00000000d6780000,0x00000000d6780000,0x00000000e8000000)
  from space 14336K, 99% used [0x00000000e8000000,0x00000000e8dfa390,0x00000000e8e00000)
  to   space 19456K, 0% used [0x00000000f0200000,0x00000000f0200000,0x00000000f1500000)
 ParOldGen       total 71168K, used 28696K [0x0000000083600000, 0x0000000087b80000, 0x00000000d6780000)
  object space 71168K, 40% used [0x0000000083600000,0x0000000085206268,0x0000000087b80000)
 Metaspace       used 54625K, capacity 57220K, committed 57344K, reserved 1099776K
  class space    used 6919K, capacity 7400K, committed 7424K, reserved 1048576K
}
Event: 19.059 GC heap before
{Heap before GC invocations=16 (full 2):
 PSYoungGen      total 301568K, used 63793K [0x00000000d6780000, 0x00000000f1500000, 0x0000000100000000)
  eden space 287232K, 17% used [0x00000000d6780000,0x00000000d97d2140,0x00000000e8000000)
  from space 14336K, 99% used [0x00000000e8000000,0x00000000e8dfa390,0x00000000e8e00000)
  to   space 19456K, 0% used [0x00000000f0200000,0x00000000f0200000,0x00000000f1500000)
 ParOldGen       total 71168K, used 28696K [0x0000000083600000, 0x0000000087b80000, 0x00000000d6780000)
  object space 71168K, 40% used [0x0000000083600000,0x0000000085206268,0x0000000087b80000)
 Metaspace       used 56489K, capacity 59052K, committed 59136K, reserved 1101824K
  class space    used 7176K, capacity 7664K, committed 7680K, reserved 1048576K
Event: 19.078 GC heap after
Heap after GC invocations=16 (full 2):
 PSYoungGen      total 420352K, used 2570K [0x00000000d6780000, 0x00000000f2000000, 0x0000000100000000)
  eden space 400896K, 0% used [0x00000000d6780000,0x00000000d6780000,0x00000000eef00000)
  from space 19456K, 13% used [0x00000000f0200000,0x00000000f0482a30,0x00000000f1500000)
  to   space 19456K, 0% used [0x00000000eef00000,0x00000000eef00000,0x00000000f0200000)
 ParOldGen       total 71168K, used 38000K [0x0000000083600000, 0x0000000087b80000, 0x00000000d6780000)
  object space 71168K, 53% used [0x0000000083600000,0x0000000085b1c398,0x0000000087b80000)
 Metaspace       used 56489K, capacity 59052K, committed 59136K, reserved 1101824K
  class space    used 7176K, capacity 7664K, committed 7680K, reserved 1048576K
}
Event: 19.078 GC heap before
{Heap before GC invocations=17 (full 3):
 PSYoungGen      total 420352K, used 2570K [0x00000000d6780000, 0x00000000f2000000, 0x0000000100000000)
  eden space 400896K, 0% used [0x00000000d6780000,0x00000000d6780000,0x00000000eef00000)
  from space 19456K, 13% used [0x00000000f0200000,0x00000000f0482a30,0x00000000f1500000)
  to   space 19456K, 0% used [0x00000000eef00000,0x00000000eef00000,0x00000000f0200000)
 ParOldGen       total 71168K, used 38000K [0x0000000083600000, 0x0000000087b80000, 0x00000000d6780000)
  object space 71168K, 53% used [0x0000000083600000,0x0000000085b1c398,0x0000000087b80000)
 Metaspace       used 56489K, capacity 59052K, committed 59136K, reserved 1101824K
  class space    used 7176K, capacity 7664K, committed 7680K, reserved 1048576K

Deoptimization events (10 events):
Event: 18.345 Thread 0x000001deb87fa000 Uncommon trap: reason=unstable_if action=reinterpret pc=0x000001de99773004 method=sun.nio.cs.UTF_8$Decoder.decode([BII[C)I @ 30
Event: 18.345 Thread 0x000001deb87fa000 Uncommon trap: reason=unstable_if action=reinterpret pc=0x000001de9a5b0b64 method=java.lang.StringCoding.safeTrim([CILjava/nio/charset/Charset;Z)[C @ 3
Event: 18.396 Thread 0x000001deb0d31000 Uncommon trap: reason=array_check action=maybe_recompile pc=0x000001de9a704268 method=org.aspectj.weaver.ResolvedMemberImpl.resolve(Lorg/aspectj/weaver/World;)Lorg/aspectj/weaver/ResolvedMember; @ 139
Event: 18.397 Thread 0x000001deb0d31000 Uncommon trap: reason=array_check action=maybe_recompile pc=0x000001de9a704268 method=org.aspectj.weaver.ResolvedMemberImpl.resolve(Lorg/aspectj/weaver/World;)Lorg/aspectj/weaver/ResolvedMember; @ 139
Event: 18.400 Thread 0x000001deb0d31000 Uncommon trap: reason=array_check action=maybe_recompile pc=0x000001de9a704268 method=org.aspectj.weaver.ResolvedMemberImpl.resolve(Lorg/aspectj/weaver/World;)Lorg/aspectj/weaver/ResolvedMember; @ 139
Event: 18.402 Thread 0x000001deb0d31000 Uncommon trap: reason=array_check action=maybe_recompile pc=0x000001de9a704268 method=org.aspectj.weaver.ResolvedMemberImpl.resolve(Lorg/aspectj/weaver/World;)Lorg/aspectj/weaver/ResolvedMember; @ 139
Event: 18.493 Thread 0x000001deada8a000 Uncommon trap: reason=unstable_if action=reinterpret pc=0x000001de9a658368 method=java.util.zip.ZipFile.close()V @ 193
Event: 18.510 Thread 0x000001deb0d31000 Uncommon trap: reason=unloaded action=reinterpret pc=0x000001de9a6a3d38 method=org.aspectj.weaver.World.resolveToReferenceType(Lorg/aspectj/weaver/UnresolvedType;Z)Lorg/aspectj/weaver/ResolvedType; @ 143
Event: 18.594 Thread 0x000001deb0d31000 Uncommon trap: reason=null_check action=make_not_entrant pc=0x000001de99fbbdec method=org.springframework.beans.factory.support.DefaultListableBeanFactory.getBeanDefinition(Ljava/lang/String;)Lorg/springframework/beans/factory/config/BeanDefinition; @ 10
Event: 18.707 Thread 0x000001deb0d31000 Uncommon trap: reason=unstable_if action=reinterpret pc=0x000001de99fcf0b4 method=org.springframework.util.StringUtils.cleanPath(Ljava/lang/String;)Ljava/lang/String; @ 4

Classes redefined (0 events):
No events

Internal exceptions (10 events):
Event: 16.648 Thread 0x000001deb0d31000 Exception <a 'java/lang/ClassNotFoundException': org/springframework/boot/web/servlet/RegistrationBeanCustomizer> (0x00000000e1eec540) thrown at [C:\jenkins\workspace\8-2-build-windows-x64-cygwin\jdk8u341\2692\hotspot\src\share\vm\classfile\systemDictiona
Event: 16.652 Thread 0x000001deb0d31000 Exception <a 'java/lang/ClassNotFoundException': org/springframework/boot/web/servlet/DynamicRegistrationBeanCustomizer> (0x00000000e1f42020) thrown at [C:\jenkins\workspace\8-2-build-windows-x64-cygwin\jdk8u341\2692\hotspot\src\share\vm\classfile\systemD
Event: 16.655 Thread 0x000001deb0d31000 Exception <a 'java/lang/ClassNotFoundException': org/springframework/boot/web/servlet/ServletRegistrationBeanCustomizer> (0x00000000e1f9bcc8) thrown at [C:\jenkins\workspace\8-2-build-windows-x64-cygwin\jdk8u341\2692\hotspot\src\share\vm\classfile\systemD
Event: 16.660 Thread 0x000001deb0d31000 Exception <a 'java/lang/ClassNotFoundException': org/springframework/boot/web/servlet/ServletContextInitializerCustomizer> (0x00000000e2004db0) thrown at [C:\jenkins\workspace\8-2-build-windows-x64-cygwin\jdk8u341\2692\hotspot\src\share\vm\classfile\syste
Event: 16.663 Thread 0x000001deb0d31000 Exception <a 'java/lang/ClassNotFoundException': org/springframework/core/OrderedCustomizer> (0x00000000e203c7f0) thrown at [C:\jenkins\workspace\8-2-build-windows-x64-cygwin\jdk8u341\2692\hotspot\src\share\vm\classfile\systemDictionary.cpp, line 212]
Event: 16.792 Thread 0x000001deb0d31000 Exception <a 'java/io/FileNotFoundException'> (0x00000000e2a86ac0) thrown at [C:\jenkins\workspace\8-2-build-windows-x64-cygwin\jdk8u341\2692\hotspot\src\share\vm\prims\jni.cpp, line 710]
Event: 17.245 Thread 0x000001deb0d31000 Implicit null exception at 0x000001de99d2fbfd to 0x000001de99d2fd15
Event: 17.337 Thread 0x000001deb0d31000 Exception <a 'java/lang/NoClassDefFoundError': oracle/security/pki/OraclePKIProvider> (0x00000000e4f48148) thrown at [C:\jenkins\workspace\8-2-build-windows-x64-cygwin\jdk8u341\2692\hotspot\src\share\vm\classfile\systemDictionary.cpp, line 201]
Event: 17.366 Thread 0x000001deb0d31000 Implicit null exception at 0x000001de99720719 to 0x000001de99720ac5
Event: 18.594 Thread 0x000001deb0d31000 Implicit null exception at 0x000001de99fbbc77 to 0x000001de99fbbde1

Events (10 events):
Event: 19.055 loading class net/bytebuddy/dynamic/VisibilityBridgeStrategy$Default$2 done
Event: 19.056 loading class net/bytebuddy/dynamic/VisibilityBridgeStrategy$Default$3
Event: 19.056 loading class net/bytebuddy/dynamic/VisibilityBridgeStrategy$Default$3 done
Event: 19.057 loading class net/bytebuddy/dynamic/scaffold/ClassWriterStrategy$Default
Event: 19.057 loading class net/bytebuddy/dynamic/scaffold/ClassWriterStrategy$Default done
Event: 19.057 Thread 0x000001deb0d31000 DEOPT PACKING pc=0x000001de99cd7a6a sp=0x0000003bc5efa900
Event: 19.057 Thread 0x000001deb0d31000 DEOPT UNPACKING pc=0x000001de99517918 sp=0x0000003bc5efa780 mode 0
Event: 19.057 loading class net/bytebuddy/jar/asm/ClassWriter
Event: 19.057 loading class net/bytebuddy/jar/asm/ClassWriter done
Event: 19.058 Executing VM operation: CollectForMetadataAllocation


Dynamic libraries:
0x00007ff767a00000 - 0x00007ff767a47000 	C:\Program Files\Java\jdk1.8.0_341\bin\java.exe
0x00007ffad40d0000 - 0x00007ffad42c5000 	C:\WINDOWS\SYSTEM32\ntdll.dll
0x00007ffad2900000 - 0x00007ffad29be000 	C:\WINDOWS\System32\KERNEL32.DLL
0x00007ffad1950000 - 0x00007ffad1c18000 	C:\WINDOWS\System32\KERNELBASE.dll
0x00007ffad2ee0000 - 0x00007ffad2f8e000 	C:\WINDOWS\System32\ADVAPI32.dll
0x00007ffad2630000 - 0x00007ffad26ce000 	C:\WINDOWS\System32\msvcrt.dll
0x00007ffad29d0000 - 0x00007ffad2a6c000 	C:\WINDOWS\System32\sechost.dll
0x00007ffad2a70000 - 0x00007ffad2b95000 	C:\WINDOWS\System32\RPCRT4.dll
0x00007ffad2130000 - 0x00007ffad22d0000 	C:\WINDOWS\System32\USER32.dll
0x00007ffad1d50000 - 0x00007ffad1d72000 	C:\WINDOWS\System32\win32u.dll
0x00007ffad28d0000 - 0x00007ffad28fb000 	C:\WINDOWS\System32\GDI32.dll
0x00007ffad1840000 - 0x00007ffad194b000 	C:\WINDOWS\System32\gdi32full.dll
0x00007ffad2090000 - 0x00007ffad212d000 	C:\WINDOWS\System32\msvcp_win.dll
0x00007ffad1c20000 - 0x00007ffad1d20000 	C:\WINDOWS\System32\ucrtbase.dll
0x00007ffabbf00000 - 0x00007ffabc19a000 	C:\WINDOWS\WinSxS\amd64_microsoft.windows.common-controls_6595b64144ccf1df_6.0.19041.1110_none_60b5254171f9507e\COMCTL32.dll
0x00007ffad26d0000 - 0x00007ffad2700000 	C:\WINDOWS\System32\IMM32.DLL
0x00007ffacade0000 - 0x00007ffacadf5000 	C:\Program Files\Java\jdk1.8.0_341\jre\bin\vcruntime140.dll
0x00007ffaa1b60000 - 0x00007ffaa1bfb000 	C:\Program Files\Java\jdk1.8.0_341\jre\bin\msvcp140.dll
0x000000006f000000 - 0x000000006f861000 	C:\Program Files\Java\jdk1.8.0_341\jre\bin\server\jvm.dll
0x00007ffad2700000 - 0x00007ffad2708000 	C:\WINDOWS\System32\PSAPI.DLL
0x00007ffac6de0000 - 0x00007ffac6dea000 	C:\WINDOWS\SYSTEM32\VERSION.dll
0x00007ffaba880000 - 0x00007ffaba8a7000 	C:\WINDOWS\SYSTEM32\WINMM.dll
0x00007ffaa7530000 - 0x00007ffaa7539000 	C:\WINDOWS\SYSTEM32\WSOCK32.dll
0x00007ffad2790000 - 0x00007ffad27fb000 	C:\WINDOWS\System32\ws2_32.DLL
0x00007ffacf700000 - 0x00007ffacf712000 	C:\WINDOWS\SYSTEM32\kernel.appcore.dll
0x00007ffacadd0000 - 0x00007ffacade0000 	C:\Program Files\Java\jdk1.8.0_341\jre\bin\verify.dll
0x00007ffaa87a0000 - 0x00007ffaa87cb000 	C:\Program Files\Java\jdk1.8.0_341\jre\bin\java.dll
0x00007ffa99c60000 - 0x00007ffa99c90000 	C:\Program Files\Java\jdk1.8.0_341\jre\bin\instrument.dll
0x00007ffac6dc0000 - 0x00007ffac6dd8000 	C:\Program Files\Java\jdk1.8.0_341\jre\bin\zip.dll
0x00007ffad3580000 - 0x00007ffad3cc4000 	C:\WINDOWS\System32\SHELL32.dll
0x00007ffacf900000 - 0x00007ffad0094000 	C:\WINDOWS\SYSTEM32\windows.storage.dll
0x00007ffad3d30000 - 0x00007ffad4084000 	C:\WINDOWS\System32\combase.dll
0x00007ffad1250000 - 0x00007ffad127c000 	C:\WINDOWS\SYSTEM32\Wldp.dll
0x00007ffad3420000 - 0x00007ffad34cd000 	C:\WINDOWS\System32\SHCORE.dll
0x00007ffad3cd0000 - 0x00007ffad3d25000 	C:\WINDOWS\System32\shlwapi.dll
0x00007ffad1730000 - 0x00007ffad174f000 	C:\WINDOWS\SYSTEM32\profapi.dll
0x00007ffa997e0000 - 0x00007ffa997fa000 	D:\IntelliJ IDEA Community Edition 2022.3\bin\breakgen64.dll
0x00007ffac4da0000 - 0x00007ffac4dbc000 	C:\Program Files\Java\jdk1.8.0_341\jre\bin\net.dll
0x00007ffad0fb0000 - 0x00007ffad101a000 	C:\WINDOWS\system32\mswsock.dll
0x00007ffac89b0000 - 0x00007ffac89bd000 	C:\Program Files\Java\jdk1.8.0_341\jre\bin\management.dll
0x00007ffaba430000 - 0x00007ffaba447000 	C:\WINDOWS\system32\napinsp.dll
0x00007ffab9bc0000 - 0x00007ffab9bdb000 	C:\WINDOWS\system32\pnrpnsp.dll
0x00007ffaa7850000 - 0x00007ffaa7865000 	C:\WINDOWS\system32\wshbth.dll
0x00007ffacad20000 - 0x00007ffacad3d000 	C:\WINDOWS\system32\NLAapi.dll
0x00007ffad0c50000 - 0x00007ffad0c8b000 	C:\WINDOWS\SYSTEM32\IPHLPAPI.DLL
0x00007ffad0ca0000 - 0x00007ffad0d6a000 	C:\WINDOWS\SYSTEM32\DNSAPI.dll
0x00007ffad2db0000 - 0x00007ffad2db8000 	C:\WINDOWS\System32\NSI.dll
0x00007ffaa7720000 - 0x00007ffaa7732000 	C:\WINDOWS\System32\winrnr.dll
0x00007ffac1e10000 - 0x00007ffac1e1a000 	C:\Windows\System32\rasadhlp.dll
0x00007ffacab10000 - 0x00007ffacab8f000 	C:\WINDOWS\System32\fwpuclnt.dll
0x00007ffad1d20000 - 0x00007ffad1d47000 	C:\WINDOWS\System32\bcrypt.dll
0x00007ffab34f0000 - 0x00007ffab3503000 	C:\Program Files\Java\jdk1.8.0_341\jre\bin\nio.dll
0x00007ffad11b0000 - 0x00007ffad11c8000 	C:\WINDOWS\SYSTEM32\CRYPTSP.dll
0x00007ffad08c0000 - 0x00007ffad08f4000 	C:\WINDOWS\system32\rsaenh.dll
0x00007ffad16b0000 - 0x00007ffad16de000 	C:\WINDOWS\SYSTEM32\USERENV.dll
0x00007ffad1f90000 - 0x00007ffad2012000 	C:\WINDOWS\System32\bcryptprimitives.dll
0x00007ffad11a0000 - 0x00007ffad11ac000 	C:\WINDOWS\SYSTEM32\CRYPTBASE.dll
0x00007ffaca210000 - 0x00007ffaca227000 	C:\WINDOWS\SYSTEM32\dhcpcsvc6.DLL
0x00007ffaca010000 - 0x00007ffaca02d000 	C:\WINDOWS\SYSTEM32\dhcpcsvc.DLL

VM Arguments:
jvm_args: -javaagent:D:\IntelliJ IDEA Community Edition 2022.3\lib\idea_rt.jar=53495:D:\IntelliJ IDEA Community Edition 2022.3\bin -Dfile.encoding=UTF-8 
java_command: com.jeeplus.JeeplusWebApplication
java_class_path (initial): C:\Program Files\Java\jdk1.8.0_341\jre\lib\charsets.jar;C:\Program Files\Java\jdk1.8.0_341\jre\lib\deploy.jar;C:\Program Files\Java\jdk1.8.0_341\jre\lib\ext\access-bridge-64.jar;C:\Program Files\Java\jdk1.8.0_341\jre\lib\ext\cldrdata.jar;C:\Program Files\Java\jdk1.8.0_341\jre\lib\ext\dnsns.jar;C:\Program Files\Java\jdk1.8.0_341\jre\lib\ext\jaccess.jar;C:\Program Files\Java\jdk1.8.0_341\jre\lib\ext\jfxrt.jar;C:\Program Files\Java\jdk1.8.0_341\jre\lib\ext\localedata.jar;C:\Program Files\Java\jdk1.8.0_341\jre\lib\ext\nashorn.jar;C:\Program Files\Java\jdk1.8.0_341\jre\lib\ext\sunec.jar;C:\Program Files\Java\jdk1.8.0_341\jre\lib\ext\sunjce_provider.jar;C:\Program Files\Java\jdk1.8.0_341\jre\lib\ext\sunmscapi.jar;C:\Program Files\Java\jdk1.8.0_341\jre\lib\ext\sunpkcs11.jar;C:\Program Files\Java\jdk1.8.0_341\jre\lib\ext\zipfs.jar;C:\Program Files\Java\jdk1.8.0_341\jre\lib\javaws.jar;C:\Program Files\Java\jdk1.8.0_341\jre\lib\jce.jar;C:\Program Files\Java\jdk1.8.0_341\jre\lib\jfr.jar;C:\Program Files\Java\jdk1.8.0_341\jre\lib\jfxswt.jar;C:\Program Files\Java\jdk1.8.0_341\jre\lib\jsse.jar;C:\Program Files\Java\jdk1.8.0_341\jre\lib\management-agent.jar;C:\Program Files\Java\jdk1.8.0_341\jre\lib\plugin.jar;C:\Program Files\Java\jdk1.8.0_341\jre\lib\resources.jar;C:\Program Files\Java\jdk1.8.0_341\jre\lib\rt.jar;D:\lab-testing\jp-console\jeeplus-web\target\classes;C:\Users\sam.jiang\.m2\repository\org\jeeplus\jeeplus-admin\9.0\jeeplus-admin-9.0.jar;C:\Users\sam.jiang\.m2\repository\org\jeeplus\jeeplus-common\9.0\jeeplus-common-9.0.jar;C:\Users\sam.jiang\.m2\repository\org\jasig\cas\client\cas-client-core\3.5.1\cas-client-core-3.5.1.jar;C:\Users\sam.jiang\.m2\repository\org\jeeplus\jeeplus-datasource\9.0\jeeplus-datasource-9.0.jar;C:\Users\sam.jiang\.m2\repository\org\jeeplus\ddlutils\1.3\ddlutils-1.3.jar;C:\Users\sam.jiang\.m2\repository\commons-collections\commons-collections\3.1\commons-collections-3.1.jar;C:\Users\sam.jiang\.m2\repository\commons
Launcher Type: SUN_STANDARD

Environment Variables:
JAVA_HOME=C:\Program Files\Java\jdk1.8.0_341
CLASSPATH=.;C:\Program Files\Java\jdk1.8.0_341\lib\dt.jar;C:\Program Files\Java\jdk1.8.0_341\lib\tools.jar
PATH=C:\Python310\Scripts\;C:\Python310\;C:\Program Files (x86)\Common Files\Oracle\Java\javapath;C:\WINDOWS\system32;C:\WINDOWS;C:\WINDOWS\System32\Wbem;C:\WINDOWS\System32\WindowsPowerShell\v1.0\;C:\WINDOWS\System32\OpenSSH\;C:\Program Files\Intel\WiFi\bin\;C:\Program Files\Common Files\Intel\WirelessCommon\;C:\Users\sam.jiang\.dnx\bin;C:\Program Files\Microsoft DNX\Dnvm\;C:\Program Files\Microsoft SQL Server\120\Tools\Binn\;C:\Program Files\Microsoft SQL Server\130\Tools\Binn\;D:\as400\Emulator;D:\as400\Shared;D:\as400\;C:\Program Files (x86)\Microsoft SQL Server\150\DTS\Binn\;C:\Program Files\Microsoft SQL Server\150\Tools\Binn\;C:\Program Files\Microsoft SQL Server\Client SDK\ODBC\170\Tools\Binn\;C:\Program Files\dotnet\;C:\Program Files (x86)\Microsoft SQL Server\150\Tools\Binn\;C:\Program Files\Microsoft SQL Server\150\DTS\Binn\;D:\apache-maven-3.8.6-bin\apache-maven-3.8.6\bin;C:\Program Files\Java\jdk1.8.0_341\bin;C:\Program Files\Java\jdk1.8.0_341\jre\bin;D:\Application\nvm;D:\nodejs;C:\Program Files\Git\cmd;D:\Microsoft VS Code\bin;C:\Users\sam.jiang\.dotnet\tools;D:\nodejs\node_global;D:\Application\nvm;D:\nodejs;
USERNAME=sam.jiang
OS=Windows_NT
PROCESSOR_IDENTIFIER=Intel64 Family 6 Model 142 Stepping 12, GenuineIntel



---------------  S Y S T E M  ---------------

OS: Windows 10 , 64 bit Build 19041 (10.0.19041.1566)

CPU:total 8 (initial active 8) (4 cores per cpu, 2 threads per core) family 6 model 142 stepping 12, cmov, cx8, fxsr, mmx, sse, sse2, sse3, ssse3, sse4.1, sse4.2, popcnt, avx, avx2, aes, clmul, erms, 3dnowpref, lzcnt, ht, tsc, tscinvbit, bmi1, bmi2, adx

Memory: 4k page, physical 8162992k(255504k free), swap 22046344k(880k free)

vm_info: Java HotSpot(TM) 64-Bit Server VM (25.341-b10) for windows-amd64 JRE (1.8.0_341-b10), built on Jun 16 2022 15:51:07 by "java_re" with MS VC++ 15.9 (VS2017)

time: Mon Feb 27 11:47:08 2023
timezone: Intel64 Family 6 Model 142 Stepping 12, GenuineIntel
elapsed time: 19.246762 seconds (0d 0h 0m 19s)

