#
# There is insufficient memory for the Java Runtime Environment to continue.
# Native memory allocation (malloc) failed to allocate 678016 bytes for Chunk::new
# Possible reasons:
#   The system is out of physical RAM or swap space
#   The process is running with CompressedOops enabled, and the Java Heap may be blocking the growth of the native heap
# Possible solutions:
#   Reduce memory load on the system
#   Increase physical memory or swap space
#   Check if swap backing store is full
#   Decrease Java heap size (-Xmx/-Xms)
#   Decrease number of Java threads
#   Decrease Java thread stack sizes (-Xss)
#   Set larger code cache with -XX:ReservedCodeCacheSize=
#   JVM is running with Unscaled Compressed Oops mode in which the Java heap is
#     placed in the first 4GB address space. The Java Heap base address is the
#     maximum limit for the native heap growth. Please use -XX:HeapBaseMinAddress
#     to set the Java Heap base and to place the Java Heap above 4GB virtual address.
# This output file may be truncated or incomplete.
#
#  Out of Memory Error (allocation.cpp:389), pid=16592, tid=0x0000000000005794
#
# JRE version: Java(TM) SE Runtime Environment (8.0_341-b10) (build 1.8.0_341-b10)
# Java VM: Java HotSpot(TM) 64-Bit Server VM (25.341-b10 mixed mode windows-amd64 compressed oops)
# Failed to write core dump. Minidumps are not enabled by default on client versions of Windows
#

---------------  T H R E A D  ---------------

Current thread (0x00000282bd1e0000):  JavaThread "C2 CompilerThread1" daemon [_thread_in_native, id=22420, stack(0x000000cdd5100000,0x000000cdd5200000)]

Stack: [0x000000cdd5100000,0x000000cdd5200000]
Native frames: (J=compiled Java code, j=interpreted, Vv=VM code, C=native code)
V  [jvm.dll+0x32fa99]
V  [jvm.dll+0x275ff2]
V  [jvm.dll+0x276c9d]
V  [jvm.dll+0x26d645]
V  [jvm.dll+0xd583c]
V  [jvm.dll+0xd603c]
V  [jvm.dll+0x453fe2]
V  [jvm.dll+0x48f09d]
V  [jvm.dll+0x443c71]
V  [jvm.dll+0x440e1b]
V  [jvm.dll+0x42bceb]
V  [jvm.dll+0xac68b]
V  [jvm.dll+0xaaceb]
V  [jvm.dll+0x23e542]
V  [jvm.dll+0x292d2c]
C  [ucrtbase.dll+0x21bb2]
C  [KERNEL32.DLL+0x17034]
C  [ntdll.dll+0x52651]


Current CompileTask:
C2: 109193 14751       4       org.springframework.asm.ClassReader::readMethod (1055 bytes)


---------------  P R O C E S S  ---------------

Java Threads: ( => current thread )
  0x00000282c3f40000 JavaThread "restartedMain" [_thread_in_Java, id=22704, stack(0x000000cdd4000000,0x000000cdd4100000)]
  0x00000282c3f3b800 JavaThread "Thread-5" [_thread_blocked, id=13000, stack(0x000000cdd9300000,0x000000cdd9400000)]
  0x00000282c2007800 JavaThread "System Clock" daemon [_thread_blocked, id=18652, stack(0x000000cdd8900000,0x000000cdd8a00000)]
  0x00000282c2000800 JavaThread "pool-2-thread-1" [_thread_blocked, id=11908, stack(0x000000cdd8700000,0x000000cdd8800000)]
  0x00000282c6021000 JavaThread "DestroyJavaVM" [_thread_blocked, id=27976, stack(0x000000cdd4100000,0x000000cdd4200000)]
  0x00000282bd1f3000 JavaThread "Java2D Disposer" daemon [_thread_blocked, id=25764, stack(0x000000cdd6a00000,0x000000cdd6b00000)]
  0x00000282c1c0b000 JavaThread "Live Reload Server" daemon [_thread_in_native, id=25456, stack(0x000000cdd6b00000,0x000000cdd6c00000)]
  0x00000282c1bff800 JavaThread "mysql-cj-abandoned-connection-cleanup" daemon [_thread_blocked, id=20340, stack(0x000000cdd5b00000,0x000000cdd5c00000)]
  0x00000282bd297800 JavaThread "Service Thread" daemon [_thread_blocked, id=15212, stack(0x000000cdd5400000,0x000000cdd5500000)]
  0x00000282bd1f2000 JavaThread "C1 CompilerThread3" daemon [_thread_blocked, id=10800, stack(0x000000cdd5300000,0x000000cdd5400000)]
  0x00000282bd14d000 JavaThread "C2 CompilerThread2" daemon [_thread_in_native, id=18712, stack(0x000000cdd5200000,0x000000cdd5300000)]
=>0x00000282bd1e0000 JavaThread "C2 CompilerThread1" daemon [_thread_in_native, id=22420, stack(0x000000cdd5100000,0x000000cdd5200000)]
  0x00000282bd1bd000 JavaThread "C2 CompilerThread0" daemon [_thread_in_native, id=4824, stack(0x000000cdd5000000,0x000000cdd5100000)]
  0x00000282bd108800 JavaThread "Monitor Ctrl-Break" daemon [_thread_in_native, id=19892, stack(0x000000cdd4f00000,0x000000cdd5000000)]
  0x00000282ba738000 JavaThread "Attach Listener" daemon [_thread_blocked, id=20712, stack(0x000000cdd4e00000,0x000000cdd4f00000)]
  0x00000282bc363800 JavaThread "Signal Dispatcher" daemon [_thread_blocked, id=12276, stack(0x000000cdd4d00000,0x000000cdd4e00000)]
  0x00000282ba38c000 JavaThread "Finalizer" daemon [_thread_blocked, id=11008, stack(0x000000cdd4c00000,0x000000cdd4d00000)]
  0x00000282ba709000 JavaThread "Reference Handler" daemon [_thread_blocked, id=14340, stack(0x000000cdd4b00000,0x000000cdd4c00000)]

Other Threads:
  0x00000282ba6e3800 VMThread [stack: 0x000000cdd4a00000,0x000000cdd4b00000] [id=21272]
  0x00000282bd3b2800 WatcherThread [stack: 0x000000cdd5500000,0x000000cdd5600000] [id=10856]

VM state:not at safepoint (normal execution)

VM Mutex/Monitor currently owned by a thread: None

heap address: 0x0000000083600000, size: 1994 MB, Compressed Oops mode: 32-bit
Narrow klass base: 0x0000000000000000, Narrow klass shift: 3
Compressed class space size: 1073741824 Address: 0x0000000100000000

Heap:
 PSYoungGen      total 611840K, used 33594K [0x00000000d6780000, 0x0000000100000000, 0x0000000100000000)
  eden space 541184K, 6% used [0x00000000d6780000,0x00000000d884e930,0x00000000f7800000)
  from space 70656K, 0% used [0x00000000fbb00000,0x00000000fbb00000,0x0000000100000000)
  to   space 68608K, 0% used [0x00000000f7800000,0x00000000f7800000,0x00000000fbb00000)
 ParOldGen       total 292352K, used 172258K [0x0000000083600000, 0x0000000095380000, 0x00000000d6780000)
  object space 292352K, 58% used [0x0000000083600000,0x000000008de38980,0x0000000095380000)
 Metaspace       used 111456K, capacity 116916K, committed 117248K, reserved 1153024K
  class space    used 13345K, capacity 14270K, committed 14336K, reserved 1048576K

Card table byte_map: [0x00000282b5190000,0x00000282b5580000] byte_map_base: 0x00000282b4d75000

Marking Bits: (ParMarkBitMap*) 0x000000005bcc9030
 Begin Bits: [0x00000282b5820000, 0x00000282b7748000)
 End Bits:   [0x00000282b7748000, 0x00000282b9670000)

Polling page: 0x00000282a5da0000

CodeCache: size=245760Kb used=38895Kb max_used=39094Kb free=206864Kb
 bounds [0x00000282a5dd0000, 0x00000282a8440000, 0x00000282b4dd0000]
 total_blobs=12149 nmethods=11399 adapters=660
 compilation: enabled

Compilation events (10 events):
Event: 109.076 Thread 0x00000282bd1f2000 14750       3       org.springframework.core.annotation.AnnotationTypeMapping::areEquivalent (87 bytes)
Event: 109.076 Thread 0x00000282bd1f2000 nmethod 14750 0x00000282a8187590 code [0x00000282a81877a0, 0x00000282a8188710]
Event: 109.082 Thread 0x00000282bd1e0000 14751       4       org.springframework.asm.ClassReader::readMethod (1055 bytes)
Event: 109.098 Thread 0x00000282bd14d000 14752 %     4       java.io.WinNTFileSystem::normalize @ 61 (231 bytes)
Event: 109.117 Thread 0x00000282bd1f2000 14753       3       org.springframework.core.annotation.AnnotationTypeMappings::<init> (45 bytes)
Event: 109.118 Thread 0x00000282bd1f2000 nmethod 14753 0x00000282a7b150d0 code [0x00000282a7b152a0, 0x00000282a7b158e0]
Event: 109.124 Thread 0x00000282bd1f2000 14754   !   3       org.springframework.util.ConcurrentReferenceHashMap$Segment::restructure (316 bytes)
Event: 109.127 Thread 0x00000282bd1f2000 nmethod 14754 0x00000282a81e7050 code [0x00000282a81e73c0, 0x00000282a81e9820]
Event: 109.137 Thread 0x00000282bd14d000 nmethod 14752% 0x00000282a81e12d0 code [0x00000282a81e14a0, 0x00000282a81e2f68]
Event: 109.137 Thread 0x00000282bd14d000 14755       4       java.io.File::<init> (47 bytes)

GC Heap History (10 events):
Event: 22.793 GC heap before
{Heap before GC invocations=19 (full 3):
 PSYoungGen      total 658944K, used 658917K [0x00000000d6780000, 0x0000000100000000, 0x0000000100000000)
  eden space 637952K, 100% used [0x00000000d6780000,0x00000000fd680000,0x00000000fd680000)
  from space 20992K, 99% used [0x00000000fd680000,0x00000000feaf9598,0x00000000feb00000)
  to   space 21504K, 0% used [0x00000000feb00000,0x00000000feb00000,0x0000000100000000)
 ParOldGen       total 96256K, used 48365K [0x0000000083600000, 0x0000000089400000, 0x00000000d6780000)
  object space 96256K, 50% used [0x0000000083600000,0x000000008653b5d0,0x0000000089400000)
 Metaspace       used 93080K, capacity 97272K, committed 97408K, reserved 1134592K
  class space    used 11370K, capacity 12096K, committed 12160K, reserved 1048576K
Event: 23.278 GC heap after
Heap after GC invocations=19 (full 3):
 PSYoungGen      total 552448K, used 21502K [0x00000000d6780000, 0x0000000100000000, 0x0000000100000000)
  eden space 530944K, 0% used [0x00000000d6780000,0x00000000d6780000,0x00000000f6e00000)
  from space 21504K, 99% used [0x00000000feb00000,0x00000000fffff940,0x0000000100000000)
  to   space 74752K, 0% used [0x00000000f6e00000,0x00000000f6e00000,0x00000000fb700000)
 ParOldGen       total 172032K, used 172018K [0x0000000083600000, 0x000000008de00000, 0x00000000d6780000)
  object space 172032K, 99% used [0x0000000083600000,0x000000008ddfc8d8,0x000000008de00000)
 Metaspace       used 93080K, capacity 97272K, committed 97408K, reserved 1134592K
  class space    used 11370K, capacity 12096K, committed 12160K, reserved 1048576K
}
Event: 23.280 GC heap before
{Heap before GC invocations=20 (full 4):
 PSYoungGen      total 552448K, used 21502K [0x00000000d6780000, 0x0000000100000000, 0x0000000100000000)
  eden space 530944K, 0% used [0x00000000d6780000,0x00000000d6780000,0x00000000f6e00000)
  from space 21504K, 99% used [0x00000000feb00000,0x00000000fffff940,0x0000000100000000)
  to   space 74752K, 0% used [0x00000000f6e00000,0x00000000f6e00000,0x00000000fb700000)
 ParOldGen       total 172032K, used 172018K [0x0000000083600000, 0x000000008de00000, 0x00000000d6780000)
  object space 172032K, 99% used [0x0000000083600000,0x000000008ddfc8d8,0x000000008de00000)
 Metaspace       used 93080K, capacity 97272K, committed 97408K, reserved 1134592K
  class space    used 11370K, capacity 12096K, committed 12160K, reserved 1048576K
Event: 24.141 GC heap after
Heap after GC invocations=20 (full 4):
 PSYoungGen      total 552448K, used 7382K [0x00000000d6780000, 0x0000000100000000, 0x0000000100000000)
  eden space 530944K, 0% used [0x00000000d6780000,0x00000000d6780000,0x00000000f6e00000)
  from space 21504K, 34% used [0x00000000feb00000,0x00000000ff235a18,0x0000000100000000)
  to   space 74752K, 0% used [0x00000000f6e00000,0x00000000f6e00000,0x00000000fb700000)
 ParOldGen       total 292352K, used 171962K [0x0000000083600000, 0x0000000095380000, 0x00000000d6780000)
  object space 292352K, 58% used [0x0000000083600000,0x000000008ddeebf0,0x0000000095380000)
 Metaspace       used 92930K, capacity 97032K, committed 97408K, reserved 1134592K
  class space    used 11348K, capacity 12056K, committed 12160K, reserved 1048576K
}
Event: 35.522 GC heap before
{Heap before GC invocations=21 (full 4):
 PSYoungGen      total 552448K, used 538326K [0x00000000d6780000, 0x0000000100000000, 0x0000000100000000)
  eden space 530944K, 100% used [0x00000000d6780000,0x00000000f6e00000,0x00000000f6e00000)
  from space 21504K, 34% used [0x00000000feb00000,0x00000000ff235a18,0x0000000100000000)
  to   space 74752K, 0% used [0x00000000f6e00000,0x00000000f6e00000,0x00000000fb700000)
 ParOldGen       total 292352K, used 171962K [0x0000000083600000, 0x0000000095380000, 0x00000000d6780000)
  object space 292352K, 58% used [0x0000000083600000,0x000000008ddeebf0,0x0000000095380000)
 Metaspace       used 103242K, capacity 107654K, committed 108032K, reserved 1144832K
  class space    used 12435K, capacity 13203K, committed 13312K, reserved 1048576K
Event: 35.663 GC heap after
Heap after GC invocations=21 (full 4):
 PSYoungGen      total 605696K, used 20583K [0x00000000d6780000, 0x0000000100000000, 0x0000000100000000)
  eden space 530944K, 0% used [0x00000000d6780000,0x00000000d6780000,0x00000000f6e00000)
  from space 74752K, 27% used [0x00000000f6e00000,0x00000000f8219e10,0x00000000fb700000)
  to   space 70656K, 0% used [0x00000000fbb00000,0x00000000fbb00000,0x0000000100000000)
 ParOldGen       total 292352K, used 179059K [0x0000000083600000, 0x0000000095380000, 0x00000000d6780000)
  object space 292352K, 61% used [0x0000000083600000,0x000000008e4dcc40,0x0000000095380000)
 Metaspace       used 103242K, capacity 107654K, committed 108032K, reserved 1144832K
  class space    used 12435K, capacity 13203K, committed 13312K, reserved 1048576K
}
Event: 107.897 GC heap before
{Heap before GC invocations=22 (full 4):
 PSYoungGen      total 605696K, used 413227K [0x00000000d6780000, 0x0000000100000000, 0x0000000100000000)
  eden space 530944K, 73% used [0x00000000d6780000,0x00000000ee6f1100,0x00000000f6e00000)
  from space 74752K, 27% used [0x00000000f6e00000,0x00000000f8219e10,0x00000000fb700000)
  to   space 70656K, 0% used [0x00000000fbb00000,0x00000000fbb00000,0x0000000100000000)
 ParOldGen       total 292352K, used 179059K [0x0000000083600000, 0x0000000095380000, 0x00000000d6780000)
  object space 292352K, 61% used [0x0000000083600000,0x000000008e4dcc40,0x0000000095380000)
 Metaspace       used 111405K, capacity 116758K, committed 116992K, reserved 1153024K
  class space    used 13342K, capacity 14266K, committed 14336K, reserved 1048576K
Event: 107.948 GC heap after
Heap after GC invocations=22 (full 4):
 PSYoungGen      total 611840K, used 8943K [0x00000000d6780000, 0x0000000100000000, 0x0000000100000000)
  eden space 541184K, 0% used [0x00000000d6780000,0x00000000d6780000,0x00000000f7800000)
  from space 70656K, 12% used [0x00000000fbb00000,0x00000000fc3bbd68,0x0000000100000000)
  to   space 68608K, 0% used [0x00000000f7800000,0x00000000f7800000,0x00000000fbb00000)
 ParOldGen       total 292352K, used 192797K [0x0000000083600000, 0x0000000095380000, 0x00000000d6780000)
  object space 292352K, 65% used [0x0000000083600000,0x000000008f247648,0x0000000095380000)
 Metaspace       used 111405K, capacity 116758K, committed 116992K, reserved 1153024K
  class space    used 13342K, capacity 14266K, committed 14336K, reserved 1048576K
}
Event: 107.948 GC heap before
{Heap before GC invocations=23 (full 5):
 PSYoungGen      total 611840K, used 8943K [0x00000000d6780000, 0x0000000100000000, 0x0000000100000000)
  eden space 541184K, 0% used [0x00000000d6780000,0x00000000d6780000,0x00000000f7800000)
  from space 70656K, 12% used [0x00000000fbb00000,0x00000000fc3bbd68,0x0000000100000000)
  to   space 68608K, 0% used [0x00000000f7800000,0x00000000f7800000,0x00000000fbb00000)
 ParOldGen       total 292352K, used 192797K [0x0000000083600000, 0x0000000095380000, 0x00000000d6780000)
  object space 292352K, 65% used [0x0000000083600000,0x000000008f247648,0x0000000095380000)
 Metaspace       used 111405K, capacity 116758K, committed 116992K, reserved 1153024K
  class space    used 13342K, capacity 14266K, committed 14336K, reserved 1048576K
Event: 108.551 GC heap after
Heap after GC invocations=23 (full 5):
 PSYoungGen      total 611840K, used 0K [0x00000000d6780000, 0x0000000100000000, 0x0000000100000000)
  eden space 541184K, 0% used [0x00000000d6780000,0x00000000d6780000,0x00000000f7800000)
  from space 70656K, 0% used [0x00000000fbb00000,0x00000000fbb00000,0x0000000100000000)
  to   space 68608K, 0% used [0x00000000f7800000,0x00000000f7800000,0x00000000fbb00000)
 ParOldGen       total 292352K, used 172258K [0x0000000083600000, 0x0000000095380000, 0x00000000d6780000)
  object space 292352K, 58% used [0x0000000083600000,0x000000008de38980,0x0000000095380000)
 Metaspace       used 111405K, capacity 116758K, committed 116992K, reserved 1153024K
  class space    used 13342K, capacity 14266K, committed 14336K, reserved 1048576K
}

Deoptimization events (10 events):
Event: 108.713 Thread 0x00000282c3f40000 Uncommon trap: reason=array_check action=maybe_recompile pc=0x00000282a7a306e4 method=java.util.TimSort.binarySort([Ljava/lang/Object;IIILjava/util/Comparator;)V @ 193
Event: 108.713 Thread 0x00000282c3f40000 Uncommon trap: reason=array_check action=maybe_recompile pc=0x00000282a7a307ac method=java.util.TimSort.binarySort([Ljava/lang/Object;IIILjava/util/Comparator;)V @ 183
Event: 108.713 Thread 0x00000282c3f40000 Uncommon trap: reason=array_check action=maybe_recompile pc=0x00000282a7a306e4 method=java.util.TimSort.binarySort([Ljava/lang/Object;IIILjava/util/Comparator;)V @ 193
Event: 108.725 Thread 0x00000282c3f40000 Uncommon trap: reason=unstable_if action=reinterpret pc=0x00000282a78cf4b4 method=ch.qos.logback.classic.Logger.isTraceEnabled(Lorg/slf4j/Marker;)Z @ 13
Event: 108.726 Thread 0x00000282c3f40000 Uncommon trap: reason=unstable_if action=reinterpret pc=0x00000282a78cdbb0 method=ch.qos.logback.classic.Logger.isTraceEnabled(Lorg/slf4j/Marker;)Z @ 13
Event: 108.825 Thread 0x00000282c3f40000 Uncommon trap: reason=unstable_if action=reinterpret pc=0x00000282a706b9d4 method=org.springframework.core.annotation.AnnotationTypeMapping.areEquivalent(Ljava/lang/Object;Ljava/lang/Object;Lorg/springframework/core/annotation/ValueExtractor;)Z @ 40
Event: 108.828 Thread 0x00000282c3f40000 Uncommon trap: reason=unstable_if action=reinterpret pc=0x00000282a7bf9ce8 method=org.springframework.beans.factory.support.AbstractAutowireCapableBeanFactory.getTypeForFactoryBean(Ljava/lang/String;Lorg/springframework/beans/factory/support/RootBeanDefin
Event: 108.847 Thread 0x00000282c3f40000 Uncommon trap: reason=array_check action=maybe_recompile pc=0x00000282a7a306e4 method=java.util.TimSort.binarySort([Ljava/lang/Object;IIILjava/util/Comparator;)V @ 193
Event: 108.968 Thread 0x00000282c3f40000 Uncommon trap: reason=bimorphic action=maybe_recompile pc=0x00000282a66fc38c method=org.springframework.core.type.classreading.MergedAnnotationReadingVisitor.visitEnd()V @ 25
Event: 109.070 Thread 0x00000282c3f40000 Uncommon trap: reason=class_check action=maybe_recompile pc=0x00000282a6795138 method=org.springframework.core.annotation.MergedAnnotationsCollection.find(Ljava/lang/Object;Ljava/util/function/Predicate;Lorg/springframework/core/annotation/MergedAnnotatio

Classes redefined (0 events):
No events

Internal exceptions (10 events):
Event: 107.719 Thread 0x00000282c3f3b800 Exception <a 'java/lang/NoSuchMethodError': java.lang.Object.of(Ljava/lang/Object;)Ljava/util/stream/Stream;> (0x00000000eb5ecb60) thrown at [C:\jenkins\workspace\8-2-build-windows-x64-cygwin\jdk8u341\2692\hotspot\src\share\vm\interpreter\linkResolver.cpp
Event: 107.719 Thread 0x00000282c3f3b800 Exception <a 'java/lang/NoSuchMethodError': java.lang.Object.empty()Ljava/util/stream/Stream;> (0x00000000eb5f0870) thrown at [C:\jenkins\workspace\8-2-build-windows-x64-cygwin\jdk8u341\2692\hotspot\src\share\vm\interpreter\linkResolver.cpp, line 620]
Event: 107.851 Thread 0x00000282c1c01000 Exception <a 'java/lang/InterruptedException': sleep interrupted> (0x00000000ed1db068) thrown at [C:\jenkins\workspace\8-2-build-windows-x64-cygwin\jdk8u341\2692\hotspot\src\share\vm\prims\jvm.cpp, line 3369]
Event: 107.880 Thread 0x00000282c6018800 Exception <a 'java/lang/InterruptedException': sleep interrupted> (0x00000000ed70a6b8) thrown at [C:\jenkins\workspace\8-2-build-windows-x64-cygwin\jdk8u341\2692\hotspot\src\share\vm\prims\jvm.cpp, line 3369]
Event: 107.887 Thread 0x00000282c601e800 Exception <a 'java/lang/InterruptedException': sleep interrupted> (0x00000000eda26db8) thrown at [C:\jenkins\workspace\8-2-build-windows-x64-cygwin\jdk8u341\2692\hotspot\src\share\vm\prims\jvm.cpp, line 3369]
Event: 107.888 Thread 0x00000282c601a000 Exception <a 'java/lang/InterruptedException': sleep interrupted> (0x00000000edd434b8) thrown at [C:\jenkins\workspace\8-2-build-windows-x64-cygwin\jdk8u341\2692\hotspot\src\share\vm\prims\jvm.cpp, line 3369]
Event: 107.890 Thread 0x00000282c601b800 Exception <a 'java/lang/InterruptedException': sleep interrupted> (0x00000000ee05fbb8) thrown at [C:\jenkins\workspace\8-2-build-windows-x64-cygwin\jdk8u341\2692\hotspot\src\share\vm\prims\jvm.cpp, line 3369]
Event: 107.891 Thread 0x00000282c1c05000 Exception <a 'java/lang/InterruptedException': sleep interrupted> (0x00000000ee37c2b8) thrown at [C:\jenkins\workspace\8-2-build-windows-x64-cygwin\jdk8u341\2692\hotspot\src\share\vm\prims\jvm.cpp, line 3369]
Event: 108.652 Thread 0x00000282c3f40000 Exception <a 'java/io/FileNotFoundException'> (0x00000000d702c0c8) thrown at [C:\jenkins\workspace\8-2-build-windows-x64-cygwin\jdk8u341\2692\hotspot\src\share\vm\prims\jni.cpp, line 710]
Event: 108.667 Thread 0x00000282c3f40000 Implicit null exception at 0x00000282a78e8070 to 0x00000282a78e811d

Events (10 events):
Event: 109.070 Thread 0x00000282c3f40000 DEOPT PACKING pc=0x00000282a6795138 sp=0x000000cdd40fe030
Event: 109.070 Thread 0x00000282c3f40000 DEOPT UNPACKING pc=0x00000282a5e158c3 sp=0x000000cdd40fdf68 mode 2
Event: 109.074 loading class sun/nio/cs/UTF_8$1
Event: 109.074 loading class sun/nio/cs/UTF_8$1 done
Event: 109.096 Thread 0x00000282c3f40000 DEOPT PACKING pc=0x00000282a74b844d sp=0x000000cdd40fdc00
Event: 109.096 Thread 0x00000282c3f40000 DEOPT UNPACKING pc=0x00000282a5e17918 sp=0x000000cdd40fd950 mode 0
Event: 109.131 Thread 0x00000282c3f40000 DEOPT PACKING pc=0x00000282a74b844d sp=0x000000cdd40fdc00
Event: 109.131 Thread 0x00000282c3f40000 DEOPT UNPACKING pc=0x00000282a5e17918 sp=0x000000cdd40fd950 mode 0
Event: 109.154 Thread 0x00000282c3f40000 DEOPT PACKING pc=0x00000282a64903cc sp=0x000000cdd40fdba0
Event: 109.154 Thread 0x00000282c3f40000 DEOPT UNPACKING pc=0x00000282a5e17918 sp=0x000000cdd40fda18 mode 0


Dynamic libraries:
0x00007ff7973d0000 - 0x00007ff797417000 	C:\Program Files\Java\jdk1.8.0_341\bin\java.exe
0x00007ffb85510000 - 0x00007ffb85705000 	C:\WINDOWS\SYSTEM32\ntdll.dll
0x00007ffb842a0000 - 0x00007ffb8435e000 	C:\WINDOWS\System32\KERNEL32.DLL
0x00007ffb82d30000 - 0x00007ffb82ff8000 	C:\WINDOWS\System32\KERNELBASE.dll
0x00007ffb83f30000 - 0x00007ffb83fde000 	C:\WINDOWS\System32\ADVAPI32.dll
0x00007ffb83fe0000 - 0x00007ffb8407e000 	C:\WINDOWS\System32\msvcrt.dll
0x00007ffb84b10000 - 0x00007ffb84bac000 	C:\WINDOWS\System32\sechost.dll
0x00007ffb84de0000 - 0x00007ffb84f05000 	C:\WINDOWS\System32\RPCRT4.dll
0x00007ffb83660000 - 0x00007ffb83800000 	C:\WINDOWS\System32\USER32.dll
0x00007ffb832a0000 - 0x00007ffb832c2000 	C:\WINDOWS\System32\win32u.dll
0x00007ffb853a0000 - 0x00007ffb853cb000 	C:\WINDOWS\System32\GDI32.dll
0x00007ffb83460000 - 0x00007ffb8356b000 	C:\WINDOWS\System32\gdi32full.dll
0x00007ffb83200000 - 0x00007ffb8329d000 	C:\WINDOWS\System32\msvcp_win.dll
0x00007ffb83000000 - 0x00007ffb83100000 	C:\WINDOWS\System32\ucrtbase.dll
0x00007ffb6ee10000 - 0x00007ffb6f0aa000 	C:\WINDOWS\WinSxS\amd64_microsoft.windows.common-controls_6595b64144ccf1df_6.0.19041.1110_none_60b5254171f9507e\COMCTL32.dll
0x00007ffb85490000 - 0x00007ffb854c0000 	C:\WINDOWS\System32\IMM32.DLL
0x00007ffb7dbb0000 - 0x00007ffb7dbc5000 	C:\Program Files\Java\jdk1.8.0_341\jre\bin\vcruntime140.dll
0x00007ffb48820000 - 0x00007ffb488bb000 	C:\Program Files\Java\jdk1.8.0_341\jre\bin\msvcp140.dll
0x000000005b4e0000 - 0x000000005bd41000 	C:\Program Files\Java\jdk1.8.0_341\jre\bin\server\jvm.dll
0x00007ffb854c0000 - 0x00007ffb854c8000 	C:\WINDOWS\System32\PSAPI.DLL
0x00007ffb62a50000 - 0x00007ffb62a59000 	C:\WINDOWS\SYSTEM32\WSOCK32.dll
0x00007ffb6f4e0000 - 0x00007ffb6f507000 	C:\WINDOWS\SYSTEM32\WINMM.dll
0x00007ffb7c580000 - 0x00007ffb7c58a000 	C:\WINDOWS\SYSTEM32\VERSION.dll
0x00007ffb84080000 - 0x00007ffb840eb000 	C:\WINDOWS\System32\WS2_32.dll
0x00007ffb81530000 - 0x00007ffb81542000 	C:\WINDOWS\SYSTEM32\kernel.appcore.dll
0x00007ffb7fed0000 - 0x00007ffb7fee0000 	C:\Program Files\Java\jdk1.8.0_341\jre\bin\verify.dll
0x00007ffb6e550000 - 0x00007ffb6e57b000 	C:\Program Files\Java\jdk1.8.0_341\jre\bin\java.dll
0x00007ffb6e2a0000 - 0x00007ffb6e2d0000 	C:\Program Files\Java\jdk1.8.0_341\jre\bin\instrument.dll
0x00007ffb7da00000 - 0x00007ffb7da18000 	C:\Program Files\Java\jdk1.8.0_341\jre\bin\zip.dll
0x00007ffb84360000 - 0x00007ffb84aa4000 	C:\WINDOWS\System32\SHELL32.dll
0x00007ffb80910000 - 0x00007ffb810a4000 	C:\WINDOWS\SYSTEM32\windows.storage.dll
0x00007ffb84f10000 - 0x00007ffb85264000 	C:\WINDOWS\System32\combase.dll
0x00007ffb82690000 - 0x00007ffb826bc000 	C:\WINDOWS\SYSTEM32\Wldp.dll
0x00007ffb83dc0000 - 0x00007ffb83e6d000 	C:\WINDOWS\System32\SHCORE.dll
0x00007ffb84ab0000 - 0x00007ffb84b05000 	C:\WINDOWS\System32\shlwapi.dll
0x00007ffb82b70000 - 0x00007ffb82b8f000 	C:\WINDOWS\SYSTEM32\profapi.dll
0x00007ffb7ba60000 - 0x00007ffb7ba7a000 	D:\IntelliJ IDEA Community Edition 2022.3\bin\breakgen64.dll
0x00007ffb7bb40000 - 0x00007ffb7bb5c000 	C:\Program Files\Java\jdk1.8.0_341\jre\bin\net.dll
0x00007ffb823f0000 - 0x00007ffb8245a000 	C:\WINDOWS\system32\mswsock.dll
0x00007ffb7dba0000 - 0x00007ffb7dbad000 	C:\Program Files\Java\jdk1.8.0_341\jre\bin\management.dll
0x00007ffb6c030000 - 0x00007ffb6c047000 	C:\WINDOWS\system32\napinsp.dll
0x00007ffb6b320000 - 0x00007ffb6b33b000 	C:\WINDOWS\system32\pnrpnsp.dll
0x00007ffb6b2d0000 - 0x00007ffb6b2e5000 	C:\WINDOWS\system32\wshbth.dll
0x00007ffb7fb30000 - 0x00007ffb7fb4d000 	C:\WINDOWS\system32\NLAapi.dll
0x00007ffb82090000 - 0x00007ffb820cb000 	C:\WINDOWS\SYSTEM32\IPHLPAPI.DLL
0x00007ffb820e0000 - 0x00007ffb821aa000 	C:\WINDOWS\SYSTEM32\DNSAPI.dll
0x00007ffb85270000 - 0x00007ffb85278000 	C:\WINDOWS\System32\NSI.dll
0x00007ffb6b130000 - 0x00007ffb6b142000 	C:\WINDOWS\System32\winrnr.dll
0x00007ffb783b0000 - 0x00007ffb783ba000 	C:\Windows\System32\rasadhlp.dll
0x00007ffb7ee30000 - 0x00007ffb7eeaf000 	C:\WINDOWS\System32\fwpuclnt.dll
0x00007ffb832d0000 - 0x00007ffb832f7000 	C:\WINDOWS\System32\bcrypt.dll
0x00007ffb7ba10000 - 0x00007ffb7ba23000 	C:\Program Files\Java\jdk1.8.0_341\jre\bin\nio.dll
0x00007ffb825e0000 - 0x00007ffb825f8000 	C:\WINDOWS\SYSTEM32\CRYPTSP.dll
0x00007ffb81d00000 - 0x00007ffb81d34000 	C:\WINDOWS\system32\rsaenh.dll
0x00007ffb82b30000 - 0x00007ffb82b5e000 	C:\WINDOWS\SYSTEM32\USERENV.dll
0x00007ffb83100000 - 0x00007ffb83182000 	C:\WINDOWS\System32\bcryptprimitives.dll
0x00007ffb82600000 - 0x00007ffb8260c000 	C:\WINDOWS\SYSTEM32\CRYPTBASE.dll
0x00007ffb7dfb0000 - 0x00007ffb7dfc7000 	C:\WINDOWS\SYSTEM32\dhcpcsvc6.DLL
0x00007ffb7df90000 - 0x00007ffb7dfad000 	C:\WINDOWS\SYSTEM32\dhcpcsvc.DLL
0x00007ffb30da0000 - 0x00007ffb30f35000 	C:\Program Files\Java\jdk1.8.0_341\jre\bin\awt.dll
0x00007ffb841d0000 - 0x00007ffb8429d000 	C:\WINDOWS\System32\OLEAUT32.dll
0x00007ffb7e110000 - 0x00007ffb7e1a0000 	C:\WINDOWS\SYSTEM32\apphelp.dll
0x00007ffb80370000 - 0x00007ffb8039f000 	C:\WINDOWS\system32\DWMAPI.DLL
0x00007ffb7ffa0000 - 0x00007ffb8003e000 	C:\WINDOWS\system32\uxtheme.dll
0x00007ffb628d0000 - 0x00007ffb62919000 	C:\Program Files\Java\jdk1.8.0_341\jre\bin\fontmanager.dll
0x00007ffb6c940000 - 0x00007ffb6c964000 	C:\Program Files\Java\jdk1.8.0_341\jre\bin\sunec.dll
0x00007ffb810b0000 - 0x00007ffb81294000 	C:\WINDOWS\SYSTEM32\dbghelp.dll

VM Arguments:
jvm_args: -javaagent:D:\IntelliJ IDEA Community Edition 2022.3\lib\idea_rt.jar=59194:D:\IntelliJ IDEA Community Edition 2022.3\bin -Dfile.encoding=UTF-8 
java_command: com.jeeplus.JeeplusWebApplication
java_class_path (initial): C:\Program Files\Java\jdk1.8.0_341\jre\lib\charsets.jar;C:\Program Files\Java\jdk1.8.0_341\jre\lib\deploy.jar;C:\Program Files\Java\jdk1.8.0_341\jre\lib\ext\access-bridge-64.jar;C:\Program Files\Java\jdk1.8.0_341\jre\lib\ext\cldrdata.jar;C:\Program Files\Java\jdk1.8.0_341\jre\lib\ext\dnsns.jar;C:\Program Files\Java\jdk1.8.0_341\jre\lib\ext\jaccess.jar;C:\Program Files\Java\jdk1.8.0_341\jre\lib\ext\jfxrt.jar;C:\Program Files\Java\jdk1.8.0_341\jre\lib\ext\localedata.jar;C:\Program Files\Java\jdk1.8.0_341\jre\lib\ext\nashorn.jar;C:\Program Files\Java\jdk1.8.0_341\jre\lib\ext\sunec.jar;C:\Program Files\Java\jdk1.8.0_341\jre\lib\ext\sunjce_provider.jar;C:\Program Files\Java\jdk1.8.0_341\jre\lib\ext\sunmscapi.jar;C:\Program Files\Java\jdk1.8.0_341\jre\lib\ext\sunpkcs11.jar;C:\Program Files\Java\jdk1.8.0_341\jre\lib\ext\zipfs.jar;C:\Program Files\Java\jdk1.8.0_341\jre\lib\javaws.jar;C:\Program Files\Java\jdk1.8.0_341\jre\lib\jce.jar;C:\Program Files\Java\jdk1.8.0_341\jre\lib\jfr.jar;C:\Program Files\Java\jdk1.8.0_341\jre\lib\jfxswt.jar;C:\Program Files\Java\jdk1.8.0_341\jre\lib\jsse.jar;C:\Program Files\Java\jdk1.8.0_341\jre\lib\management-agent.jar;C:\Program Files\Java\jdk1.8.0_341\jre\lib\plugin.jar;C:\Program Files\Java\jdk1.8.0_341\jre\lib\resources.jar;C:\Program Files\Java\jdk1.8.0_341\jre\lib\rt.jar;D:\lab-testing\jp-console\jeeplus-web\target\classes;C:\Users\sam.jiang\.m2\repository\org\jeeplus\jeeplus-admin\9.0\jeeplus-admin-9.0.jar;C:\Users\sam.jiang\.m2\repository\org\jeeplus\jeeplus-common\9.0\jeeplus-common-9.0.jar;C:\Users\sam.jiang\.m2\repository\org\jasig\cas\client\cas-client-core\3.5.1\cas-client-core-3.5.1.jar;C:\Users\sam.jiang\.m2\repository\org\jeeplus\jeeplus-datasource\9.0\jeeplus-datasource-9.0.jar;C:\Users\sam.jiang\.m2\repository\org\jeeplus\ddlutils\1.3\ddlutils-1.3.jar;C:\Users\sam.jiang\.m2\repository\commons-collections\commons-collections\3.1\commons-collections-3.1.jar;C:\Users\sam.jiang\.m2\repository\commons
Launcher Type: SUN_STANDARD

Environment Variables:
JAVA_HOME=C:\Program Files\Java\jdk1.8.0_341
CLASSPATH=.;C:\Program Files\Java\jdk1.8.0_341\lib\dt.jar;C:\Program Files\Java\jdk1.8.0_341\lib\tools.jar
PATH=C:\Python310\Scripts\;C:\Python310\;C:\Program Files (x86)\Common Files\Oracle\Java\javapath;C:\WINDOWS\system32;C:\WINDOWS;C:\WINDOWS\System32\Wbem;C:\WINDOWS\System32\WindowsPowerShell\v1.0\;C:\WINDOWS\System32\OpenSSH\;C:\Program Files\Intel\WiFi\bin\;C:\Program Files\Common Files\Intel\WirelessCommon\;C:\Users\sam.jiang\.dnx\bin;C:\Program Files\Microsoft DNX\Dnvm\;C:\Program Files\Microsoft SQL Server\120\Tools\Binn\;C:\Program Files\Microsoft SQL Server\130\Tools\Binn\;C:\Program Files\Git\cmd;D:\as400\Emulator;D:\as400\Shared;D:\as400\;C:\Program Files (x86)\Microsoft SQL Server\150\DTS\Binn\;C:\Program Files\Microsoft SQL Server\150\Tools\Binn\;C:\Program Files\Microsoft SQL Server\Client SDK\ODBC\170\Tools\Binn\;C:\Program Files\dotnet\;C:\Program Files (x86)\Microsoft SQL Server\150\Tools\Binn\;C:\Program Files\Microsoft SQL Server\150\DTS\Binn\;D:\apache-maven-3.8.6-bin\apache-maven-3.8.6\bin;C:\Program Files\Java\jdk1.8.0_341\bin;C:\Program Files\Java\jdk1.8.0_341\jre\bin;D:\Application\nvm;D:\nodejs;D:\Microsoft VS Code\bin;C:\Users\sam.jiang\.dotnet\tools;D:\nodejs\node_global
USERNAME=sam.jiang
OS=Windows_NT
PROCESSOR_IDENTIFIER=Intel64 Family 6 Model 142 Stepping 12, GenuineIntel



---------------  S Y S T E M  ---------------

OS: Windows 10 , 64 bit Build 19041 (10.0.19041.1566)

CPU:total 8 (initial active 8) (4 cores per cpu, 2 threads per core) family 6 model 142 stepping 12, cmov, cx8, fxsr, mmx, sse, sse2, sse3, ssse3, sse4.1, sse4.2, popcnt, avx, avx2, aes, clmul, erms, 3dnowpref, lzcnt, ht, tsc, tscinvbit, bmi1, bmi2, adx

Memory: 4k page, physical 8162992k(358688k free), swap 22046344k(764k free)

vm_info: Java HotSpot(TM) 64-Bit Server VM (25.341-b10) for windows-amd64 JRE (1.8.0_341-b10), built on Jun 16 2022 15:51:07 by "java_re" with MS VC++ 15.9 (VS2017)

time: Tue Jan 10 10:10:21 2023
timezone: Intel64 Family 6 Model 142 Stepping 12, GenuineIntel
elapsed time: 109.199137 seconds (0d 0h 1m 49s)

